<?xml version="1.0" encoding="UTF-8"?>
<testsuite name="AnimalTest" tests="1" skipped="0" failures="0" errors="0" timestamp="2023-01-11T22:12:29" hostname="Igor-MacBook-Pro-15-2018.local" time="0.079">
  <properties/>
  <testcase name="testEat()" classname="AnimalTest" time="0.079"/>
  <system-out><![CDATA[]]></system-out>
  <system-err><![CDATA[]]></system-err>
</testsuite>
